\BOOKMARK [1][-]{section.1}{\376\377\000I\000n\000t\000r\000o\000d\000u\000c\000t\000i\000o\000n}{}% 1
\BOOKMARK [1][-]{section.2}{\376\377\000D\000a\000t\000a\000s\000e\000t\000\040\000a\000n\000d\000\040\000S\000p\000l\000i\000t\000s}{}% 2
\BOOKMARK [1][-]{section.3}{\376\377\000M\000e\000t\000h\000o\000d\000s}{}% 3
\BOOKMARK [2][-]{subsection.3.1}{\376\377\000U\000-\000N\000e\000t\000\040\000\050\000R\000e\000s\000N\000e\000t\0005\0000\000\040\000E\000n\000c\000o\000d\000e\000r\000\051}{section.3}% 4
\BOOKMARK [2][-]{subsection.3.2}{\376\377\000D\000e\000e\000p\000L\000a\000b\000V\0003\000\040\000\050\000R\000e\000s\000N\000e\000t\0005\0000\000\040\000B\000a\000c\000k\000b\000o\000n\000e\000\051}{section.3}% 5
\BOOKMARK [2][-]{subsection.3.3}{\376\377\000S\000A\000M\0002\000\040\000w\000i\000t\000h\000\040\000L\000o\000R\000A\000\040\000A\000d\000a\000p\000t\000a\000t\000i\000o\000n}{section.3}% 6
\BOOKMARK [1][-]{section.4}{\376\377\000E\000x\000p\000e\000r\000i\000m\000e\000n\000t\000a\000l\000\040\000S\000e\000t\000u\000p}{}% 7
\BOOKMARK [1][-]{section.5}{\376\377\000R\000e\000s\000u\000l\000t\000s}{}% 8
\BOOKMARK [2][-]{subsection.5.1}{\376\377\000O\000v\000e\000r\000a\000l\000l\000\040\000M\000e\000t\000r\000i\000c\000s}{section.5}% 9
\BOOKMARK [2][-]{subsection.5.2}{\376\377\000P\000e\000r\000-\000C\000l\000a\000s\000s\000\040\000I\000o\000U\000\040\000a\000n\000d\000\040\000A\000c\000c\000u\000r\000a\000c\000y}{section.5}% 10
\BOOKMARK [2][-]{subsection.5.3}{\376\377\000Q\000u\000a\000l\000i\000t\000a\000t\000i\000v\000e\000\040\000R\000e\000s\000u\000l\000t\000s}{section.5}% 11
\BOOKMARK [3][-]{subsubsection.5.3.1}{\376\377\000P\000r\000e\000d\000i\000c\000t\000i\000o\000n\000\040\000M\000o\000s\000a\000i\000c\000s}{subsection.5.3}% 12
\BOOKMARK [3][-]{subsubsection.5.3.2}{\376\377\000B\000e\000s\000t\000\040\000a\000n\000d\000\040\000W\000o\000r\000s\000t\000\040\000C\000a\000s\000e\000s\000:\000\040\000P\000e\000r\000s\000o\000n\000\040\000C\000l\000a\000s\000s}{subsection.5.3}% 13
\BOOKMARK [1][-]{section.6}{\376\377\000A\000b\000l\000a\000t\000i\000o\000n\000\040\000S\000t\000u\000d\000i\000e\000s}{}% 14
\BOOKMARK [2][-]{subsection.6.1}{\376\377\000A\0001\000:\000\040\000E\000n\000c\000o\000d\000e\000r\000\040\000D\000e\000p\000t\000h\000\040\040\024\000\040\000R\000e\000s\000N\000e\000t\0001\0008\000\040\000v\000s\000.\000\040\000R\000e\000s\000N\000e\000t\0005\0000\000\040\000\050\000U\000-\000N\000e\000t\000\051}{section.6}% 15
\BOOKMARK [2][-]{subsection.6.2}{\376\377\000A\0002\000:\000\040\000D\000a\000t\000a\000\040\000A\000u\000g\000m\000e\000n\000t\000a\000t\000i\000o\000n\000\040\000\050\000S\000A\000M\0002\000\051}{section.6}% 16
\BOOKMARK [2][-]{subsection.6.3}{\376\377\000A\0003\000:\000\040\000L\000o\000s\000s\000\040\000F\000u\000n\000c\000t\000i\000o\000n\000\040\040\024\000\040\000C\000E\000\040\000v\000s\000.\000\040\000D\000i\000c\000e\000\040\000\050\000S\000A\000M\0002\000\051}{section.6}% 17
\BOOKMARK [1][-]{section.7}{\376\377\000O\000b\000s\000e\000r\000v\000a\000t\000i\000o\000n\000s\000\040\000a\000n\000d\000\040\000D\000i\000s\000c\000u\000s\000s\000i\000o\000n}{}% 18
\BOOKMARK [2][-]{subsection.7.1}{\376\377\000A\000r\000c\000h\000i\000t\000e\000c\000t\000u\000r\000e\000\040\000C\000o\000m\000p\000a\000r\000i\000s\000o\000n}{section.7}% 19
\BOOKMARK [2][-]{subsection.7.2}{\376\377\000P\000e\000r\000-\000C\000l\000a\000s\000s\000\040\000B\000e\000h\000a\000v\000i\000o\000r}{section.7}% 20
\BOOKMARK [2][-]{subsection.7.3}{\376\377\000I\000n\000s\000i\000g\000h\000t\000s\000\040\000f\000r\000o\000m\000\040\000A\000b\000l\000a\000t\000i\000o\000n\000s}{section.7}% 21
\BOOKMARK [2][-]{subsection.7.4}{\376\377\000E\000f\000f\000i\000c\000i\000e\000n\000c\000y\000\040\000C\000o\000n\000s\000i\000d\000e\000r\000a\000t\000i\000o\000n\000s}{section.7}% 22
\BOOKMARK [1][-]{section.8}{\376\377\000C\000o\000n\000c\000l\000u\000s\000i\000o\000n}{}% 23
\BOOKMARK [1][-]{section.9}{\376\377\000F\000u\000t\000u\000r\000e\000\040\000W\000o\000r\000k}{}% 24
\BOOKMARK [1][-]{section.10}{\376\377\000R\000e\000p\000r\000o\000d\000u\000c\000i\000b\000i\000l\000i\000t\000y}{}% 25
\BOOKMARK [1][-]{appendix.A}{\376\377\000A\000p\000p\000e\000n\000d\000i\000x\000:\000\040\000Q\000u\000a\000l\000i\000t\000a\000t\000i\000v\000e\000\040\000F\000i\000g\000u\000r\000e\000s}{}% 26
\BOOKMARK [2][-]{subsection.A.1}{\376\377\000P\000r\000e\000d\000i\000c\000t\000i\000o\000n\000\040\000M\000o\000s\000a\000i\000c\000s}{appendix.A}% 27
\BOOKMARK [2][-]{subsection.A.2}{\376\377\000B\000e\000s\000t\000\040\000a\000n\000d\000\040\000W\000o\000r\000s\000t\000\040\000C\000a\000s\000e\000s\000:\000\040\000P\000e\000r\000s\000o\000n\000\040\000C\000l\000a\000s\000s}{appendix.A}% 28
